# JRE version: Java(TM) SE Runtime Environment (8.0_192-b12) (build 1.8.0_192-b12)
# Java VM: Java HotSpot(TM) 64-Bit Server VM (25.192-b12 mixed mode windows-amd64 compressed oops)
Heap:
 PSYoungGen      total 948736K, used 177288K [0x000000076c000000, 0x00000007bfe80000, 0x00000007c0000000)
  eden space 596992K, 29% used [0x000000076c000000,0x0000000776cd22a0,0x0000000790700000)
  from space 351744K, 0% used [0x0000000790700000,0x0000000790750000,0x00000007a5e80000)
  to   space 340480K, 0% used [0x00000007ab200000,0x00000007ab200000,0x00000007bfe80000)
 ParOldGen       total 1906688K, used 1301720K [0x00000006c4000000, 0x0000000738600000, 0x000000076c000000)
  object space 1906688K, 68% used [0x00000006c4000000,0x00000007137363c8,0x0000000738600000)
 Metaspace       used 36477K, capacity 37594K, committed 37760K, reserved 1081344K
  class space    used 4970K, capacity 5207K, committed 5248K, reserved 1048576K
GC Heap History (10 events):
Event: 4.655 GC heap before
{Heap before GC invocations=20 (full 6):
 PSYoungGen      total 714752K, used 667477K [0x000000076c000000, 0x00000007b8f80000, 0x00000007c0000000)
  eden space 386560K, 100% used [0x000000076c000000,0x0000000783980000,0x0000000783980000)
  from space 328192K, 85% used [0x0000000783980000,0x0000000794bd5710,0x0000000797a00000)
  to   space 371200K, 0% used [0x00000007a2500000,0x00000007a2500000,0x00000007b8f80000)
 ParOldGen       total 1509376K, used 1021814K [0x00000006c4000000, 0x0000000720200000, 0x000000076c000000)
  object space 1509376K, 67% used [0x00000006c4000000,0x00000007025dd830,0x0000000720200000)
 Metaspace       used 36142K, capacity 37154K, committed 37504K, reserved 1081344K
  class space    used 4956K, capacity 5189K, committed 5248K, reserved 1048576K
Event: 4.709 GC heap after
Heap after GC invocations=20 (full 6):
 PSYoungGen      total 843776K, used 256K [0x000000076c000000, 0x00000007b7580000, 0x00000007c0000000)
  eden space 499200K, 0% used [0x000000076c000000,0x000000076c000000,0x000000078a780000)
  from space 344576K, 0% used [0x00000007a2500000,0x00000007a2540000,0x00000007b7580000)
  to   space 367616K, 0% used [0x000000078a780000,0x000000078a780000,0x00000007a0e80000)
 ParOldGen       total 1509376K, used 1302755K [0x00000006c4000000, 0x0000000720200000, 0x000000076c000000)
  object space 1509376K, 86% used [0x00000006c4000000,0x0000000713838f48,0x0000000720200000)
 Metaspace       used 36142K, capacity 37154K, committed 37504K, reserved 1081344K
  class space    used 4956K, capacity 5189K, committed 5248K, reserved 1048576K
}
Event: 4.709 GC heap before
{Heap before GC invocations=21 (full 7):
 PSYoungGen      total 843776K, used 256K [0x000000076c000000, 0x00000007b7580000, 0x00000007c0000000)
  eden space 499200K, 0% used [0x000000076c000000,0x000000076c000000,0x000000078a780000)
  from space 344576K, 0% used [0x00000007a2500000,0x00000007a2540000,0x00000007b7580000)
  to   space 367616K, 0% used [0x000000078a780000,0x000000078a780000,0x00000007a0e80000)
 ParOldGen       total 1509376K, used 1302755K [0x00000006c4000000, 0x0000000720200000, 0x000000076c000000)
  object space 1509376K, 86% used [0x00000006c4000000,0x0000000713838f48,0x0000000720200000)
 Metaspace       used 36142K, capacity 37154K, committed 37504K, reserved 1081344K
  class space    used 4956K, capacity 5189K, committed 5248K, reserved 1048576K
Event: 4.844 GC heap after
Heap after GC invocations=21 (full 7):
 PSYoungGen      total 843776K, used 0K [0x000000076c000000, 0x00000007b7580000, 0x00000007c0000000)
  eden space 499200K, 0% used [0x000000076c000000,0x000000076c000000,0x000000078a780000)
  from space 344576K, 0% used [0x00000007a2500000,0x00000007a2500000,0x00000007b7580000)
  to   space 367616K, 0% used [0x000000078a780000,0x000000078a780000,0x00000007a0e80000)
 ParOldGen       total 1906688K, used 1301704K [0x00000006c4000000, 0x0000000738600000, 0x000000076c000000)
  object space 1906688K, 68% used [0x00000006c4000000,0x00000007137323c8,0x0000000738600000)
 Metaspace       used 36141K, capacity 37152K, committed 37504K, reserved 1081344K
  class space    used 4955K, capacity 5188K, committed 5248K, reserved 1048576K
}
Event: 5.214 GC heap before
{Heap before GC invocations=22 (full 7):
 PSYoungGen      total 843776K, used 499200K [0x000000076c000000, 0x00000007b7580000, 0x00000007c0000000)
  eden space 499200K, 100% used [0x000000076c000000,0x000000078a780000,0x000000078a780000)
  from space 344576K, 0% used [0x00000007a2500000,0x00000007a2500000,0x00000007b7580000)
  to   space 367616K, 0% used [0x000000078a780000,0x000000078a780000,0x00000007a0e80000)
 ParOldGen       total 1906688K, used 1301704K [0x00000006c4000000, 0x0000000738600000, 0x000000076c000000)
  object space 1906688K, 68% used [0x00000006c4000000,0x00000007137323c8,0x0000000738600000)
 Metaspace       used 36165K, capacity 37152K, committed 37504K, reserved 1081344K
  class space    used 4955K, capacity 5188K, committed 5248K, reserved 1048576K
Event: 5.216 GC heap after
Heap after GC invocations=22 (full 7):
 PSYoungGen      total 866816K, used 224K [0x000000076c000000, 0x00000007bd980000, 0x00000007c0000000)
  eden space 499200K, 0% used [0x000000076c000000,0x000000076c000000,0x000000078a780000)
  from space 367616K, 0% used [0x000000078a780000,0x000000078a7b8000,0x00000007a0e80000)
  to   space 360448K, 0% used [0x00000007a7980000,0x00000007a7980000,0x00000007bd980000)
 ParOldGen       total 1906688K, used 1301712K [0x00000006c4000000, 0x0000000738600000, 0x000000076c000000)
  object space 1906688K, 68% used [0x00000006c4000000,0x00000007137343c8,0x0000000738600000)
 Metaspace       used 36165K, capacity 37152K, committed 37504K, reserved 1081344K
  class space    used 4955K, capacity 5188K, committed 5248K, reserved 1048576K
}
Event: 5.584 GC heap before
{Heap before GC invocations=23 (full 7):
 PSYoungGen      total 866816K, used 499424K [0x000000076c000000, 0x00000007bd980000, 0x00000007c0000000)
  eden space 499200K, 100% used [0x000000076c000000,0x000000078a780000,0x000000078a780000)
  from space 367616K, 0% used [0x000000078a780000,0x000000078a7b8000,0x00000007a0e80000)
  to   space 360448K, 0% used [0x00000007a7980000,0x00000007a7980000,0x00000007bd980000)
 ParOldGen       total 1906688K, used 1301712K [0x00000006c4000000, 0x0000000738600000, 0x000000076c000000)
  object space 1906688K, 68% used [0x00000006c4000000,0x00000007137343c8,0x0000000738600000)
 Metaspace       used 36165K, capacity 37152K, committed 37504K, reserved 1081344K
  class space    used 4955K, capacity 5188K, committed 5248K, reserved 1048576K
Event: 5.587 GC heap after
Heap after GC invocations=23 (full 7):
 PSYoungGen      total 921088K, used 320K [0x000000076c000000, 0x00000007bb600000, 0x00000007c0000000)
  eden space 596992K, 0% used [0x000000076c000000,0x000000076c000000,0x0000000790700000)
  from space 324096K, 0% used [0x00000007a7980000,0x00000007a79d0000,0x00000007bb600000)
  to   space 351744K, 0% used [0x0000000790700000,0x0000000790700000,0x00000007a5e80000)
 ParOldGen       total 1906688K, used 1301712K [0x00000006c4000000, 0x0000000738600000, 0x000000076c000000)
  object space 1906688K, 68% used [0x00000006c4000000,0x00000007137343c8,0x0000000738600000)
 Metaspace       used 36165K, capacity 37152K, committed 37504K, reserved 1081344K
  class space    used 4955K, capacity 5188K, committed 5248K, reserved 1048576K
}
Event: 5.976 GC heap before
{Heap before GC invocations=24 (full 7):
 PSYoungGen      total 921088K, used 597312K [0x000000076c000000, 0x00000007bb600000, 0x00000007c0000000)
  eden space 596992K, 100% used [0x000000076c000000,0x0000000790700000,0x0000000790700000)
  from space 324096K, 0% used [0x00000007a7980000,0x00000007a79d0000,0x00000007bb600000)
  to   space 351744K, 0% used [0x0000000790700000,0x0000000790700000,0x00000007a5e80000)
 ParOldGen       total 1906688K, used 1301712K [0x00000006c4000000, 0x0000000738600000, 0x000000076c000000)
  object space 1906688K, 68% used [0x00000006c4000000,0x00000007137343c8,0x0000000738600000)
 Metaspace       used 36180K, capacity 37160K, committed 37504K, reserved 1081344K
  class space    used 4955K, capacity 5188K, committed 5248K, reserved 1048576K
Event: 5.979 GC heap after
Heap after GC invocations=24 (full 7):
 PSYoungGen      total 948736K, used 320K [0x000000076c000000, 0x00000007bfe80000, 0x00000007c0000000)
  eden space 596992K, 0% used [0x000000076c000000,0x000000076c000000,0x0000000790700000)
  from space 351744K, 0% used [0x0000000790700000,0x0000000790750000,0x00000007a5e80000)
  to   space 340480K, 0% used [0x00000007ab200000,0x00000007ab200000,0x00000007bfe80000)
 ParOldGen       total 1906688K, used 1301720K [0x00000006c4000000, 0x0000000738600000, 0x000000076c000000)
  object space 1906688K, 68% used [0x00000006c4000000,0x00000007137363c8,0x0000000738600000)
 Metaspace       used 36180K, capacity 37160K, committed 37504K, reserved 1081344K
  class space    used 4955K, capacity 5188K, committed 5248K, reserved 1048576K
}

